# JRE version: Java(TM) SE Runtime Environment 18.9 (11.0.15+8) (build 11.0.15+8-LTS-149)
# Java VM: Java HotSpot(TM) 64-Bit Server VM 18.9 (11.0.15+8-LTS-149, mixed mode, tiered, compressed oops, g1 gc, windows-amd64)
Heap:
 garbage-first heap   total 273408K, used 185622K [0x0000000080000000, 0x0000000100000000)
  region size 1024K, 28 young (28672K), 5 survivors (5120K)
 Metaspace       used 107126K, capacity 111270K, committed 111304K, reserved 612352K
  class space    used 14094K, capacity 15677K, committed 15692K, reserved 516096K
GC Heap History (10 events):
Event: 77.486 GC heap before
{Heap before GC invocations=57 (full 0):
 garbage-first heap   total 227328K, used 177536K [0x0000000080000000, 0x0000000100000000)
  region size 1024K, 39 young (39936K), 5 survivors (5120K)
 Metaspace       used 100339K, capacity 104416K, committed 104520K, reserved 606208K
  class space    used 13222K, capacity 14728K, committed 14796K, reserved 516096K
}
Event: 77.504 GC heap after
{Heap after GC invocations=58 (full 0):
 garbage-first heap   total 227328K, used 147869K [0x0000000080000000, 0x0000000100000000)
  region size 1024K, 5 young (5120K), 5 survivors (5120K)
 Metaspace       used 100339K, capacity 104416K, committed 104520K, reserved 606208K
  class space    used 13222K, capacity 14728K, committed 14796K, reserved 516096K
}
Event: 78.367 GC heap before
{Heap before GC invocations=58 (full 0):
 garbage-first heap   total 227328K, used 180637K [0x0000000080000000, 0x0000000100000000)
  region size 1024K, 37 young (37888K), 5 survivors (5120K)
 Metaspace       used 102822K, capacity 106837K, committed 106952K, reserved 608256K
  class space    used 13608K, capacity 15143K, committed 15180K, reserved 516096K
}
Event: 78.382 GC heap after
{Heap after GC invocations=59 (full 0):
 garbage-first heap   total 227328K, used 150792K [0x0000000080000000, 0x0000000100000000)
  region size 1024K, 3 young (3072K), 3 survivors (3072K)
 Metaspace       used 102822K, capacity 106837K, committed 106952K, reserved 608256K
  class space    used 13608K, capacity 15143K, committed 15180K, reserved 516096K
}
Event: 79.281 GC heap before
{Heap before GC invocations=59 (full 0):
 garbage-first heap   total 227328K, used 183560K [0x0000000080000000, 0x0000000100000000)
  region size 1024K, 35 young (35840K), 3 survivors (3072K)
 Metaspace       used 104212K, capacity 108224K, committed 108360K, reserved 610304K
  class space    used 13751K, capacity 15291K, committed 15308K, reserved 516096K
}
Event: 79.295 GC heap after
{Heap after GC invocations=60 (full 0):
 garbage-first heap   total 273408K, used 154290K [0x0000000080000000, 0x0000000100000000)
  region size 1024K, 5 young (5120K), 5 survivors (5120K)
 Metaspace       used 104212K, capacity 108224K, committed 108360K, reserved 610304K
  class space    used 13751K, capacity 15291K, committed 15308K, reserved 516096K
}
Event: 80.517 GC heap before
{Heap before GC invocations=60 (full 0):
 garbage-first heap   total 273408K, used 203442K [0x0000000080000000, 0x0000000100000000)
  region size 1024K, 53 young (54272K), 5 survivors (5120K)
 Metaspace       used 105748K, capacity 109745K, committed 109896K, reserved 612352K
  class space    used 13922K, capacity 15453K, committed 15564K, reserved 516096K
}
Event: 80.535 GC heap after
{Heap after GC invocations=61 (full 0):
 garbage-first heap   total 273408K, used 158807K [0x0000000080000000, 0x0000000100000000)
  region size 1024K, 7 young (7168K), 7 survivors (7168K)
 Metaspace       used 105748K, capacity 109745K, committed 109896K, reserved 612352K
  class space    used 13922K, capacity 15453K, committed 15564K, reserved 516096K
}
Event: 81.202 GC heap before
{Heap before GC invocations=61 (full 0):
 garbage-first heap   total 273408K, used 207959K [0x0000000080000000, 0x0000000100000000)
  region size 1024K, 55 young (56320K), 7 survivors (7168K)
 Metaspace       used 106979K, capacity 111033K, committed 111304K, reserved 612352K
  class space    used 14071K, capacity 15601K, committed 15692K, reserved 516096K
}
Event: 81.222 GC heap after
{Heap after GC invocations=62 (full 0):
 garbage-first heap   total 273408K, used 163094K [0x0000000080000000, 0x0000000100000000)
  region size 1024K, 5 young (5120K), 5 survivors (5120K)
 Metaspace       used 106979K, capacity 111033K, committed 111304K, reserved 612352K
  class space    used 14071K, capacity 15601K, committed 15692K, reserved 516096K
}

